0 info it worked if it ends with ok
1 verbose cli [ 'C:\\Program Files\\nodejs\\node.exe',
1 verbose cli   'C:\\Program Files\\nodejs\\node_modules\\npm\\bin\\npm-cli.js',
1 verbose cli   'run',
1 verbose cli   'test' ]
2 info using npm@3.10.10
3 info using node@v6.14.1
4 verbose run-script [ 'pretest', 'test', 'posttest' ]
5 info lifecycle rollbot@1.0.0~pretest: rollbot@1.0.0
6 silly lifecycle rollbot@1.0.0~pretest: no script for pretest, continuing
7 info lifecycle rollbot@1.0.0~test: rollbot@1.0.0
8 verbose lifecycle rollbot@1.0.0~test: unsafe-perm in lifecycle true
9 verbose lifecycle rollbot@1.0.0~test: PATH: C:\Program Files\nodejs\node_modules\npm\bin\node-gyp-bin;D:\Projects\RollBot\node_modules\.bin;C:\Program Files (x86)\Common Files\Oracle\Java\javapath;C:\ProgramData\Oracle\Java\javapath;C:\Program Files (x86)\NVIDIA Corporation\PhysX\Common;C:\WINDOWS\system32;C:\WINDOWS;C:\WINDOWS\System32\Wbem;C:\WINDOWS\System32\WindowsPowerShell\v1.0\;C:\Program Files\Microsoft SQL Server\130\Tools\Binn\;C:\Program Files\Git\cmd;C:\Program Files (x86)\Yarn\bin\;C:\Program Files\nodejs\;C:\WINDOWS\System32\OpenSSH\;C:\Program Files\dotnet\;C:\Users\Logan\AppData\Local\Microsoft\WindowsApps;C:\Users\Logan\AppData\Local\GitHubDesktop\bin;C:\Users\Logan\AppData\Local\Microsoft\WindowsApps;;C:\Users\Logan\Desktop\Progects\Screeps\Microsoft VS Code\bin;C:\Users\Logan\AppData\Local\Yarn\bin;C:\Users\Logan\AppData\Roaming\npm
10 verbose lifecycle rollbot@1.0.0~test: CWD: D:\Projects\RollBot
11 silly lifecycle rollbot@1.0.0~test: Args: [ '/d /s /c', 'node hellonode.js' ]
12 silly lifecycle rollbot@1.0.0~test: Returned: code: 1  signal: null
13 info lifecycle rollbot@1.0.0~test: Failed to exec test script
14 verbose stack Error: rollbot@1.0.0 test: `node hellonode.js`
14 verbose stack Exit status 1
14 verbose stack     at EventEmitter.<anonymous> (C:\Program Files\nodejs\node_modules\npm\lib\utils\lifecycle.js:255:16)
14 verbose stack     at emitTwo (events.js:106:13)
14 verbose stack     at EventEmitter.emit (events.js:191:7)
14 verbose stack     at ChildProcess.<anonymous> (C:\Program Files\nodejs\node_modules\npm\lib\utils\spawn.js:40:14)
14 verbose stack     at emitTwo (events.js:106:13)
14 verbose stack     at ChildProcess.emit (events.js:191:7)
14 verbose stack     at maybeClose (internal/child_process.js:920:16)
14 verbose stack     at Process.ChildProcess._handle.onexit (internal/child_process.js:230:5)
15 verbose pkgid rollbot@1.0.0
16 verbose cwd D:\Projects\RollBot
17 error Windows_NT 10.0.17134
18 error argv "C:\\Program Files\\nodejs\\node.exe" "C:\\Program Files\\nodejs\\node_modules\\npm\\bin\\npm-cli.js" "run" "test"
19 error node v6.14.1
20 error npm  v3.10.10
21 error code ELIFECYCLE
22 error rollbot@1.0.0 test: `node hellonode.js`
22 error Exit status 1
23 error Failed at the rollbot@1.0.0 test script 'node hellonode.js'.
23 error Make sure you have the latest version of node.js and npm installed.
23 error If you do, this is most likely a problem with the rollbot package,
23 error not with npm itself.
23 error Tell the author that this fails on your system:
23 error     node hellonode.js
23 error You can get information on how to open an issue for this project with:
23 error     npm bugs rollbot
23 error Or if that isn't available, you can get their info via:
23 error     npm owner ls rollbot
23 error There is likely additional logging output above.
24 verbose exit [ 1, true ]
